<?xml version="1.0" encoding="UTF-8"?>
<testsuite xmlns:xsi="http://www.w3.org/2001/XMLSchema-instance" xsi:noNamespaceSchemaLocation="https://maven.apache.org/surefire/maven-surefire-plugin/xsd/surefire-test-report-3.0.xsd" version="3.0" name="TestSuite" time="12.513" tests="2" errors="0" skipped="0" failures="2">
  <properties>
    <property name="java.specification.version" value="22"/>
    <property name="webdriver.chrome.driver" value="C:\Users\SSWOR\eclipse-workspace\selenium\Maven_project\chromedriver.exe"/>
    <property name="sun.cpu.isalist" value="amd64"/>
    <property name="sun.jnu.encoding" value="Cp1252"/>
    <property name="java.class.path" value="C:\Users\SSWOR\eclipse-workspace\selenium\Maven_project\target\test-classes;C:\Users\SSWOR\eclipse-workspace\selenium\Maven_project\target\classes;C:\Users\SSWOR\.m2\repository\org\seleniumhq\selenium\selenium-java\3.8.0\selenium-java-3.8.0.jar;C:\Users\SSWOR\.m2\repository\org\seleniumhq\selenium\selenium-api\3.8.0\selenium-api-3.8.0.jar;C:\Users\SSWOR\.m2\repository\org\seleniumhq\selenium\selenium-opera-driver\3.8.0\selenium-opera-driver-3.8.0.jar;C:\Users\SSWOR\.m2\repository\org\seleniumhq\selenium\selenium-remote-driver\3.8.0\selenium-remote-driver-3.8.0.jar;C:\Users\SSWOR\.m2\repository\org\seleniumhq\selenium\selenium-support\3.8.0\selenium-support-3.8.0.jar;C:\Users\SSWOR\.m2\repository\net\bytebuddy\byte-buddy\1.7.5\byte-buddy-1.7.5.jar;C:\Users\SSWOR\.m2\repository\org\apache\commons\commons-exec\1.3\commons-exec-1.3.jar;C:\Users\SSWOR\.m2\repository\commons-codec\commons-codec\1.10\commons-codec-1.10.jar;C:\Users\SSWOR\.m2\repository\commons-logging\commons-logging\1.2\commons-logging-1.2.jar;C:\Users\SSWOR\.m2\repository\com\google\code\gson\gson\2.8.2\gson-2.8.2.jar;C:\Users\SSWOR\.m2\repository\com\google\guava\guava\23.0\guava-23.0.jar;C:\Users\SSWOR\.m2\repository\com\google\code\findbugs\jsr305\1.3.9\jsr305-1.3.9.jar;C:\Users\SSWOR\.m2\repository\com\google\errorprone\error_prone_annotations\2.0.18\error_prone_annotations-2.0.18.jar;C:\Users\SSWOR\.m2\repository\com\google\j2objc\j2objc-annotations\1.1\j2objc-annotations-1.1.jar;C:\Users\SSWOR\.m2\repository\org\codehaus\mojo\animal-sniffer-annotations\1.14\animal-sniffer-annotations-1.14.jar;C:\Users\SSWOR\.m2\repository\org\apache\httpcomponents\httpclient\4.5.3\httpclient-4.5.3.jar;C:\Users\SSWOR\.m2\repository\org\apache\httpcomponents\httpcore\4.4.6\httpcore-4.4.6.jar;C:\Users\SSWOR\.m2\repository\org\apache\poi\poi\3.17\poi-3.17.jar;C:\Users\SSWOR\.m2\repository\org\apache\commons\commons-collections4\4.1\commons-collections4-4.1.jar;C:\Users\SSWOR\.m2\repository\org\testng\testng\6.14.2\testng-6.14.2.jar;C:\Users\SSWOR\.m2\repository\com\beust\jcommander\1.72\jcommander-1.72.jar;C:\Users\SSWOR\.m2\repository\org\apache-extras\beanshell\bsh\2.0b6\bsh-2.0b6.jar;C:\Users\SSWOR\.m2\repository\org\apache\poi\poi-ooxml\3.16\poi-ooxml-3.16.jar;C:\Users\SSWOR\.m2\repository\org\apache\poi\poi-ooxml-schemas\3.16\poi-ooxml-schemas-3.16.jar;C:\Users\SSWOR\.m2\repository\org\apache\xmlbeans\xmlbeans\2.6.0\xmlbeans-2.6.0.jar;C:\Users\SSWOR\.m2\repository\stax\stax-api\1.0.1\stax-api-1.0.1.jar;C:\Users\SSWOR\.m2\repository\com\github\virtuald\curvesapi\1.04\curvesapi-1.04.jar;C:\Users\SSWOR\.m2\repository\commons-io\commons-io\2.6\commons-io-2.6.jar;C:\Users\SSWOR\.m2\repository\log4j\log4j\1.2.17\log4j-1.2.17.jar;C:\Users\SSWOR\.m2\repository\com\microsoft\sqlserver\mssql-jdbc\6.4.0.jre8\mssql-jdbc-6.4.0.jre8.jar;C:\Users\SSWOR\.m2\repository\net\sourceforge\jexcelapi\jxl\2.6.12\jxl-2.6.12.jar;C:\Users\SSWOR\.m2\repository\io\github\bonigarcia\webdrivermanager\3.0.0\webdrivermanager-3.0.0.jar;C:\Users\SSWOR\.m2\repository\org\slf4j\slf4j-api\1.7.25\slf4j-api-1.7.25.jar;C:\Users\SSWOR\.m2\repository\org\apache\commons\commons-lang3\3.7\commons-lang3-3.7.jar;C:\Users\SSWOR\.m2\repository\org\rauschig\jarchivelib\0.8.0\jarchivelib-0.8.0.jar;C:\Users\SSWOR\.m2\repository\org\apache\commons\commons-compress\1.14\commons-compress-1.14.jar;C:\Users\SSWOR\.m2\repository\org\jsoup\jsoup\1.11.3\jsoup-1.11.3.jar;C:\Users\SSWOR\.m2\repository\com\aventstack\extentreports\3.0.0\extentreports-3.0.0.jar;C:\Users\SSWOR\.m2\repository\org\freemarker\freemarker\2.3.23\freemarker-2.3.23.jar;C:\Users\SSWOR\.m2\repository\org\mongodb\mongodb-driver\3.3.0\mongodb-driver-3.3.0.jar;C:\Users\SSWOR\.m2\repository\org\mongodb\bson\3.3.0\bson-3.3.0.jar;C:\Users\SSWOR\.m2\repository\org\mongodb\mongodb-driver-core\3.3.0\mongodb-driver-core-3.3.0.jar;C:\Users\SSWOR\.m2\repository\org\apache\httpcomponents\httpmime\4.5.2\httpmime-4.5.2.jar;C:\Users\SSWOR\.m2\repository\org\seleniumhq\selenium\selenium-chrome-driver\3.141.59\selenium-chrome-driver-3.141.59.jar;C:\Users\SSWOR\.m2\repository\com\squareup\okhttp3\okhttp\3.11.0\okhttp-3.11.0.jar;C:\Users\SSWOR\.m2\repository\com\squareup\okio\okio\1.14.0\okio-1.14.0.jar;C:\Users\SSWOR\.m2\repository\org\seleniumhq\selenium\selenium-firefox-driver\3.14.0\selenium-firefox-driver-3.14.0.jar;C:\Users\SSWOR\.m2\repository\org\seleniumhq\selenium\selenium-edge-driver\3.14.0\selenium-edge-driver-3.14.0.jar;C:\Users\SSWOR\.m2\repository\org\seleniumhq\selenium\selenium-ie-driver\3.14.0\selenium-ie-driver-3.14.0.jar;C:\Users\SSWOR\.m2\repository\io\streamnative\pulsar\handlers\test-listener\2.10.3.2\test-listener-2.10.3.2.jar;C:\Users\SSWOR\.m2\repository\io\streamnative\pulsar-common\2.10.3.2\pulsar-common-2.10.3.2.jar;C:\Users\SSWOR\.m2\repository\io\streamnative\pulsar-client-api\2.10.3.2\pulsar-client-api-2.10.3.2.jar;C:\Users\SSWOR\.m2\repository\io\streamnative\pulsar-client-admin-api\2.10.3.2\pulsar-client-admin-api-2.10.3.2.jar;C:\Users\SSWOR\.m2\repository\io\swagger\swagger-annotations\1.6.2\swagger-annotations-1.6.2.jar;C:\Users\SSWOR\.m2\repository\com\fasterxml\jackson\core\jackson-databind\2.13.4.2\jackson-databind-2.13.4.2.jar;C:\Users\SSWOR\.m2\repository\com\fasterxml\jackson\core\jackson-annotations\2.13.4\jackson-annotations-2.13.4.jar;C:\Users\SSWOR\.m2\repository\com\fasterxml\jackson\core\jackson-core\2.13.4\jackson-core-2.13.4.jar;C:\Users\SSWOR\.m2\repository\io\netty\netty-handler\4.1.86.Final\netty-handler-4.1.86.Final.jar;C:\Users\SSWOR\.m2\repository\io\netty\netty-common\4.1.86.Final\netty-common-4.1.86.Final.jar;C:\Users\SSWOR\.m2\repository\io\netty\netty-resolver\4.1.86.Final\netty-resolver-4.1.86.Final.jar;C:\Users\SSWOR\.m2\repository\io\netty\netty-buffer\4.1.86.Final\netty-buffer-4.1.86.Final.jar;C:\Users\SSWOR\.m2\repository\io\netty\netty-transport\4.1.86.Final\netty-transport-4.1.86.Final.jar;C:\Users\SSWOR\.m2\repository\io\netty\netty-transport-native-unix-common\4.1.86.Final\netty-transport-native-unix-common-4.1.86.Final.jar;C:\Users\SSWOR\.m2\repository\io\netty\netty-codec\4.1.86.Final\netty-codec-4.1.86.Final.jar;C:\Users\SSWOR\.m2\repository\io\netty\netty-resolver-dns\4.1.86.Final\netty-resolver-dns-4.1.86.Final.jar;C:\Users\SSWOR\.m2\repository\io\netty\netty-codec-dns\4.1.86.Final\netty-codec-dns-4.1.86.Final.jar;C:\Users\SSWOR\.m2\repository\io\netty\netty-transport-native-epoll\4.1.86.Final\netty-transport-native-epoll-4.1.86.Final-linux-x86_64.jar;C:\Users\SSWOR\.m2\repository\io\netty\netty-transport-classes-epoll\4.1.86.Final\netty-transport-classes-epoll-4.1.86.Final.jar;C:\Users\SSWOR\.m2\repository\io\netty\netty-transport-native-unix-common\4.1.86.Final\netty-transport-native-unix-common-4.1.86.Final-linux-x86_64.jar;C:\Users\SSWOR\.m2\repository\org\apache\bookkeeper\bookkeeper-common-allocator\4.14.5\bookkeeper-common-allocator-4.14.5.jar;C:\Users\SSWOR\.m2\repository\org\apache\bookkeeper\cpu-affinity\4.14.5\cpu-affinity-4.14.5.jar;C:\Users\SSWOR\.m2\repository\commons-configuration\commons-configuration\1.10\commons-configuration-1.10.jar;C:\Users\SSWOR\.m2\repository\commons-lang\commons-lang\2.6\commons-lang-2.6.jar;C:\Users\SSWOR\.m2\repository\io\airlift\aircompressor\0.20\aircompressor-0.20.jar;C:\Users\SSWOR\.m2\repository\org\apache\bookkeeper\circe-checksum\4.14.5\circe-checksum-4.14.5.jar;C:\Users\SSWOR\.m2\repository\io\netty\netty-tcnative-boringssl-static\2.0.54.Final\netty-tcnative-boringssl-static-2.0.54.Final.jar;C:\Users\SSWOR\.m2\repository\io\netty\netty-tcnative-classes\2.0.54.Final\netty-tcnative-classes-2.0.54.Final.jar;C:\Users\SSWOR\.m2\repository\io\netty\netty-tcnative-boringssl-static\2.0.54.Final\netty-tcnative-boringssl-static-2.0.54.Final-linux-x86_64.jar;C:\Users\SSWOR\.m2\repository\io\netty\netty-tcnative-boringssl-static\2.0.54.Final\netty-tcnative-boringssl-static-2.0.54.Final-linux-aarch_64.jar;C:\Users\SSWOR\.m2\repository\io\netty\netty-tcnative-boringssl-static\2.0.54.Final\netty-tcnative-boringssl-static-2.0.54.Final-osx-x86_64.jar;C:\Users\SSWOR\.m2\repository\io\netty\netty-tcnative-boringssl-static\2.0.54.Final\netty-tcnative-boringssl-static-2.0.54.Final-osx-aarch_64.jar;C:\Users\SSWOR\.m2\repository\io\netty\netty-tcnative-boringssl-static\2.0.54.Final\netty-tcnative-boringssl-static-2.0.54.Final-windows-x86_64.jar;C:\Users\SSWOR\.m2\repository\io\netty\netty-codec-haproxy\4.1.86.Final\netty-codec-haproxy-4.1.86.Final.jar;C:\Users\SSWOR\.m2\repository\com\fasterxml\jackson\dataformat\jackson-dataformat-yaml\2.13.4\jackson-dataformat-yaml-2.13.4.jar;C:\Users\SSWOR\.m2\repository\org\yaml\snakeyaml\1.31\snakeyaml-1.31.jar;C:\Users\SSWOR\.m2\repository\javax\ws\rs\javax.ws.rs-api\2.1\javax.ws.rs-api-2.1.jar;C:\Users\SSWOR\.m2\repository\org\seleniumhq\selenium\selenium-safari-driver\3.14.0\selenium-safari-driver-3.14.0.jar;"/>
    <property name="java.vm.vendor" value="Eclipse Adoptium"/>
    <property name="sun.arch.data.model" value="64"/>
    <property name="user.variant" value=""/>
    <property name="java.vendor.url" value="https://adoptium.net/"/>
    <property name="user.timezone" value="Asia/Calcutta"/>
    <property name="os.name" value="Windows 11"/>
    <property name="java.vm.specification.version" value="22"/>
    <property name="sun.java.launcher" value="SUN_STANDARD"/>
    <property name="user.country" value="IN"/>
    <property name="sun.boot.library.path" value="C:\Users\SSWOR\.p2\pool\plugins\org.eclipse.justj.openjdk.hotspot.jre.full.win32.x86_64_22.0.1.v20240426-1149\jre\bin"/>
    <property name="sun.java.command" value="C:\Users\SSWOR\AppData\Local\Temp\surefire5706378440358033567\surefirebooter-20241011133849434_3.jar C:\Users\SSWOR\AppData\Local\Temp\surefire5706378440358033567 2024-10-11T13-38-49_203-jvmRun1 surefire-20241011133849434_1tmp surefire_0-20241011133849434_2tmp"/>
    <property name="jdk.debug" value="release"/>
    <property name="surefire.test.class.path" value="C:\Users\SSWOR\eclipse-workspace\selenium\Maven_project\target\test-classes;C:\Users\SSWOR\eclipse-workspace\selenium\Maven_project\target\classes;C:\Users\SSWOR\.m2\repository\org\seleniumhq\selenium\selenium-java\3.8.0\selenium-java-3.8.0.jar;C:\Users\SSWOR\.m2\repository\org\seleniumhq\selenium\selenium-api\3.8.0\selenium-api-3.8.0.jar;C:\Users\SSWOR\.m2\repository\org\seleniumhq\selenium\selenium-opera-driver\3.8.0\selenium-opera-driver-3.8.0.jar;C:\Users\SSWOR\.m2\repository\org\seleniumhq\selenium\selenium-remote-driver\3.8.0\selenium-remote-driver-3.8.0.jar;C:\Users\SSWOR\.m2\repository\org\seleniumhq\selenium\selenium-support\3.8.0\selenium-support-3.8.0.jar;C:\Users\SSWOR\.m2\repository\net\bytebuddy\byte-buddy\1.7.5\byte-buddy-1.7.5.jar;C:\Users\SSWOR\.m2\repository\org\apache\commons\commons-exec\1.3\commons-exec-1.3.jar;C:\Users\SSWOR\.m2\repository\commons-codec\commons-codec\1.10\commons-codec-1.10.jar;C:\Users\SSWOR\.m2\repository\commons-logging\commons-logging\1.2\commons-logging-1.2.jar;C:\Users\SSWOR\.m2\repository\com\google\code\gson\gson\2.8.2\gson-2.8.2.jar;C:\Users\SSWOR\.m2\repository\com\google\guava\guava\23.0\guava-23.0.jar;C:\Users\SSWOR\.m2\repository\com\google\code\findbugs\jsr305\1.3.9\jsr305-1.3.9.jar;C:\Users\SSWOR\.m2\repository\com\google\errorprone\error_prone_annotations\2.0.18\error_prone_annotations-2.0.18.jar;C:\Users\SSWOR\.m2\repository\com\google\j2objc\j2objc-annotations\1.1\j2objc-annotations-1.1.jar;C:\Users\SSWOR\.m2\repository\org\codehaus\mojo\animal-sniffer-annotations\1.14\animal-sniffer-annotations-1.14.jar;C:\Users\SSWOR\.m2\repository\org\apache\httpcomponents\httpclient\4.5.3\httpclient-4.5.3.jar;C:\Users\SSWOR\.m2\repository\org\apache\httpcomponents\httpcore\4.4.6\httpcore-4.4.6.jar;C:\Users\SSWOR\.m2\repository\org\apache\poi\poi\3.17\poi-3.17.jar;C:\Users\SSWOR\.m2\repository\org\apache\commons\commons-collections4\4.1\commons-collections4-4.1.jar;C:\Users\SSWOR\.m2\repository\org\testng\testng\6.14.2\testng-6.14.2.jar;C:\Users\SSWOR\.m2\repository\com\beust\jcommander\1.72\jcommander-1.72.jar;C:\Users\SSWOR\.m2\repository\org\apache-extras\beanshell\bsh\2.0b6\bsh-2.0b6.jar;C:\Users\SSWOR\.m2\repository\org\apache\poi\poi-ooxml\3.16\poi-ooxml-3.16.jar;C:\Users\SSWOR\.m2\repository\org\apache\poi\poi-ooxml-schemas\3.16\poi-ooxml-schemas-3.16.jar;C:\Users\SSWOR\.m2\repository\org\apache\xmlbeans\xmlbeans\2.6.0\xmlbeans-2.6.0.jar;C:\Users\SSWOR\.m2\repository\stax\stax-api\1.0.1\stax-api-1.0.1.jar;C:\Users\SSWOR\.m2\repository\com\github\virtuald\curvesapi\1.04\curvesapi-1.04.jar;C:\Users\SSWOR\.m2\repository\commons-io\commons-io\2.6\commons-io-2.6.jar;C:\Users\SSWOR\.m2\repository\log4j\log4j\1.2.17\log4j-1.2.17.jar;C:\Users\SSWOR\.m2\repository\com\microsoft\sqlserver\mssql-jdbc\6.4.0.jre8\mssql-jdbc-6.4.0.jre8.jar;C:\Users\SSWOR\.m2\repository\net\sourceforge\jexcelapi\jxl\2.6.12\jxl-2.6.12.jar;C:\Users\SSWOR\.m2\repository\io\github\bonigarcia\webdrivermanager\3.0.0\webdrivermanager-3.0.0.jar;C:\Users\SSWOR\.m2\repository\org\slf4j\slf4j-api\1.7.25\slf4j-api-1.7.25.jar;C:\Users\SSWOR\.m2\repository\org\apache\commons\commons-lang3\3.7\commons-lang3-3.7.jar;C:\Users\SSWOR\.m2\repository\org\rauschig\jarchivelib\0.8.0\jarchivelib-0.8.0.jar;C:\Users\SSWOR\.m2\repository\org\apache\commons\commons-compress\1.14\commons-compress-1.14.jar;C:\Users\SSWOR\.m2\repository\org\jsoup\jsoup\1.11.3\jsoup-1.11.3.jar;C:\Users\SSWOR\.m2\repository\com\aventstack\extentreports\3.0.0\extentreports-3.0.0.jar;C:\Users\SSWOR\.m2\repository\org\freemarker\freemarker\2.3.23\freemarker-2.3.23.jar;C:\Users\SSWOR\.m2\repository\org\mongodb\mongodb-driver\3.3.0\mongodb-driver-3.3.0.jar;C:\Users\SSWOR\.m2\repository\org\mongodb\bson\3.3.0\bson-3.3.0.jar;C:\Users\SSWOR\.m2\repository\org\mongodb\mongodb-driver-core\3.3.0\mongodb-driver-core-3.3.0.jar;C:\Users\SSWOR\.m2\repository\org\apache\httpcomponents\httpmime\4.5.2\httpmime-4.5.2.jar;C:\Users\SSWOR\.m2\repository\org\seleniumhq\selenium\selenium-chrome-driver\3.141.59\selenium-chrome-driver-3.141.59.jar;C:\Users\SSWOR\.m2\repository\com\squareup\okhttp3\okhttp\3.11.0\okhttp-3.11.0.jar;C:\Users\SSWOR\.m2\repository\com\squareup\okio\okio\1.14.0\okio-1.14.0.jar;C:\Users\SSWOR\.m2\repository\org\seleniumhq\selenium\selenium-firefox-driver\3.14.0\selenium-firefox-driver-3.14.0.jar;C:\Users\SSWOR\.m2\repository\org\seleniumhq\selenium\selenium-edge-driver\3.14.0\selenium-edge-driver-3.14.0.jar;C:\Users\SSWOR\.m2\repository\org\seleniumhq\selenium\selenium-ie-driver\3.14.0\selenium-ie-driver-3.14.0.jar;C:\Users\SSWOR\.m2\repository\io\streamnative\pulsar\handlers\test-listener\2.10.3.2\test-listener-2.10.3.2.jar;C:\Users\SSWOR\.m2\repository\io\streamnative\pulsar-common\2.10.3.2\pulsar-common-2.10.3.2.jar;C:\Users\SSWOR\.m2\repository\io\streamnative\pulsar-client-api\2.10.3.2\pulsar-client-api-2.10.3.2.jar;C:\Users\SSWOR\.m2\repository\io\streamnative\pulsar-client-admin-api\2.10.3.2\pulsar-client-admin-api-2.10.3.2.jar;C:\Users\SSWOR\.m2\repository\io\swagger\swagger-annotations\1.6.2\swagger-annotations-1.6.2.jar;C:\Users\SSWOR\.m2\repository\com\fasterxml\jackson\core\jackson-databind\2.13.4.2\jackson-databind-2.13.4.2.jar;C:\Users\SSWOR\.m2\repository\com\fasterxml\jackson\core\jackson-annotations\2.13.4\jackson-annotations-2.13.4.jar;C:\Users\SSWOR\.m2\repository\com\fasterxml\jackson\core\jackson-core\2.13.4\jackson-core-2.13.4.jar;C:\Users\SSWOR\.m2\repository\io\netty\netty-handler\4.1.86.Final\netty-handler-4.1.86.Final.jar;C:\Users\SSWOR\.m2\repository\io\netty\netty-common\4.1.86.Final\netty-common-4.1.86.Final.jar;C:\Users\SSWOR\.m2\repository\io\netty\netty-resolver\4.1.86.Final\netty-resolver-4.1.86.Final.jar;C:\Users\SSWOR\.m2\repository\io\netty\netty-buffer\4.1.86.Final\netty-buffer-4.1.86.Final.jar;C:\Users\SSWOR\.m2\repository\io\netty\netty-transport\4.1.86.Final\netty-transport-4.1.86.Final.jar;C:\Users\SSWOR\.m2\repository\io\netty\netty-transport-native-unix-common\4.1.86.Final\netty-transport-native-unix-common-4.1.86.Final.jar;C:\Users\SSWOR\.m2\repository\io\netty\netty-codec\4.1.86.Final\netty-codec-4.1.86.Final.jar;C:\Users\SSWOR\.m2\repository\io\netty\netty-resolver-dns\4.1.86.Final\netty-resolver-dns-4.1.86.Final.jar;C:\Users\SSWOR\.m2\repository\io\netty\netty-codec-dns\4.1.86.Final\netty-codec-dns-4.1.86.Final.jar;C:\Users\SSWOR\.m2\repository\io\netty\netty-transport-native-epoll\4.1.86.Final\netty-transport-native-epoll-4.1.86.Final-linux-x86_64.jar;C:\Users\SSWOR\.m2\repository\io\netty\netty-transport-classes-epoll\4.1.86.Final\netty-transport-classes-epoll-4.1.86.Final.jar;C:\Users\SSWOR\.m2\repository\io\netty\netty-transport-native-unix-common\4.1.86.Final\netty-transport-native-unix-common-4.1.86.Final-linux-x86_64.jar;C:\Users\SSWOR\.m2\repository\org\apache\bookkeeper\bookkeeper-common-allocator\4.14.5\bookkeeper-common-allocator-4.14.5.jar;C:\Users\SSWOR\.m2\repository\org\apache\bookkeeper\cpu-affinity\4.14.5\cpu-affinity-4.14.5.jar;C:\Users\SSWOR\.m2\repository\commons-configuration\commons-configuration\1.10\commons-configuration-1.10.jar;C:\Users\SSWOR\.m2\repository\commons-lang\commons-lang\2.6\commons-lang-2.6.jar;C:\Users\SSWOR\.m2\repository\io\airlift\aircompressor\0.20\aircompressor-0.20.jar;C:\Users\SSWOR\.m2\repository\org\apache\bookkeeper\circe-checksum\4.14.5\circe-checksum-4.14.5.jar;C:\Users\SSWOR\.m2\repository\io\netty\netty-tcnative-boringssl-static\2.0.54.Final\netty-tcnative-boringssl-static-2.0.54.Final.jar;C:\Users\SSWOR\.m2\repository\io\netty\netty-tcnative-classes\2.0.54.Final\netty-tcnative-classes-2.0.54.Final.jar;C:\Users\SSWOR\.m2\repository\io\netty\netty-tcnative-boringssl-static\2.0.54.Final\netty-tcnative-boringssl-static-2.0.54.Final-linux-x86_64.jar;C:\Users\SSWOR\.m2\repository\io\netty\netty-tcnative-boringssl-static\2.0.54.Final\netty-tcnative-boringssl-static-2.0.54.Final-linux-aarch_64.jar;C:\Users\SSWOR\.m2\repository\io\netty\netty-tcnative-boringssl-static\2.0.54.Final\netty-tcnative-boringssl-static-2.0.54.Final-osx-x86_64.jar;C:\Users\SSWOR\.m2\repository\io\netty\netty-tcnative-boringssl-static\2.0.54.Final\netty-tcnative-boringssl-static-2.0.54.Final-osx-aarch_64.jar;C:\Users\SSWOR\.m2\repository\io\netty\netty-tcnative-boringssl-static\2.0.54.Final\netty-tcnative-boringssl-static-2.0.54.Final-windows-x86_64.jar;C:\Users\SSWOR\.m2\repository\io\netty\netty-codec-haproxy\4.1.86.Final\netty-codec-haproxy-4.1.86.Final.jar;C:\Users\SSWOR\.m2\repository\com\fasterxml\jackson\dataformat\jackson-dataformat-yaml\2.13.4\jackson-dataformat-yaml-2.13.4.jar;C:\Users\SSWOR\.m2\repository\org\yaml\snakeyaml\1.31\snakeyaml-1.31.jar;C:\Users\SSWOR\.m2\repository\javax\ws\rs\javax.ws.rs-api\2.1\javax.ws.rs-api-2.1.jar;C:\Users\SSWOR\.m2\repository\org\seleniumhq\selenium\selenium-safari-driver\3.14.0\selenium-safari-driver-3.14.0.jar;"/>
    <property name="sun.cpu.endian" value="little"/>
    <property name="user.home" value="C:\Users\SSWOR"/>
    <property name="user.language" value="en"/>
    <property name="java.specification.vendor" value="Oracle Corporation"/>
    <property name="java.version.date" value="2024-04-16"/>
    <property name="java.home" value="C:\Users\SSWOR\.p2\pool\plugins\org.eclipse.justj.openjdk.hotspot.jre.full.win32.x86_64_22.0.1.v20240426-1149\jre"/>
    <property name="file.separator" value="\"/>
    <property name="basedir" value="C:\Users\SSWOR\eclipse-workspace\selenium\Maven_project"/>
    <property name="style.color" value="always"/>
    <property name="java.vm.compressedOopsMode" value="Zero based"/>
    <property name="line.separator" value="&#10;"/>
    <property name="java.vm.specification.vendor" value="Oracle Corporation"/>
    <property name="java.specification.name" value="Java Platform API Specification"/>
    <property name="surefire.real.class.path" value="C:\Users\SSWOR\AppData\Local\Temp\surefire5706378440358033567\surefirebooter-20241011133849434_3.jar"/>
    <property name="user.script" value=""/>
    <property name="sun.management.compiler" value="HotSpot 64-Bit Tiered Compilers"/>
    <property name="java.runtime.version" value="22.0.1+8"/>
    <property name="user.name" value="SSWOR"/>
    <property name="stdout.encoding" value="Cp1252"/>
    <property name="path.separator" value=";"/>
    <property name="os.version" value="10.0"/>
    <property name="java.runtime.name" value="OpenJDK Runtime Environment"/>
    <property name="file.encoding" value="UTF-8"/>
    <property name="java.vm.name" value="OpenJDK 64-Bit Server VM"/>
    <property name="java.vendor.version" value="Temurin-22.0.1+8"/>
    <property name="localRepository" value="C:\Users\SSWOR\.m2\repository"/>
    <property name="java.vendor.url.bug" value="https://github.com/adoptium/adoptium-support/issues"/>
    <property name="java.io.tmpdir" value="C:\Users\SSWOR\AppData\Local\Temp\"/>
    <property name="java.version" value="22.0.1"/>
    <property name="user.dir" value="C:\Users\SSWOR\eclipse-workspace\selenium\Maven_project"/>
    <property name="os.arch" value="amd64"/>
    <property name="java.vm.specification.name" value="Java Virtual Machine Specification"/>
    <property name="sun.os.patch.level" value=""/>
    <property name="native.encoding" value="Cp1252"/>
    <property name="java.library.path" value="C:\Users\SSWOR\.p2\pool\plugins\org.eclipse.justj.openjdk.hotspot.jre.full.win32.x86_64_22.0.1.v20240426-1149\jre\bin;C:\WINDOWS\Sun\Java\bin;C:\WINDOWS\system32;C:\WINDOWS;C:\Users\SSWOR\.p2\pool\plugins\org.eclipse.justj.openjdk.hotspot.jre.full.win32.x86_64_22.0.1.v20240426-1149\jre\bin;C:/Users/SSWOR/.p2/pool/plugins/org.eclipse.justj.openjdk.hotspot.jre.full.win32.x86_64_22.0.1.v20240426-1149/jre/bin/server;C:/Users/SSWOR/.p2/pool/plugins/org.eclipse.justj.openjdk.hotspot.jre.full.win32.x86_64_22.0.1.v20240426-1149/jre/bin;C:\Program Files (x86)\Common Files\Oracle\Java\java8path;C:\Program Files (x86)\Common Files\Oracle\Java\javapath;C:\Python312\Scripts\;C:\Python312\;C:\Program Files\Python310\Scripts\;C:\Program Files\Python310\;C:\WINDOWS\system32;C:\WINDOWS;C:\WINDOWS\System32\Wbem;C:\WINDOWS\System32\WindowsPowerShell\v1.0\;C:\WINDOWS\System32\OpenSSH\;C:\Program Files\Microsoft SQL Server\120\Tools\Binn\;C:\Program Files\dotnet\;C:\ProgramData\chocolatey\bin;C:\Program Files\Java\jdk-11\bin;C:\Program Files\apache-maven-4.0.0-alpha-3\bin;C:\Program Files\nodejs\;C:\Program Files\Azure Data Studio\bin;C:\Program Files\Git\cmd;C:\spark-3.5.0-bin-hadoop3\spark-3.5.0-bin-hadoop3\bin;C:\Users\SSWOR\AppData\Local\Programs\Python\Python311;C:\Users\SSWOR\SparkLink;C:\Program Files (x86)\Microsoft SQL Server\160\Tools\Binn\;C:\Program Files\Microsoft SQL Server\160\Tools\Binn\;C:\Program Files\Microsoft SQL Server\Client SDK\ODBC\170\Tools\Binn\;C:\Program Files\Microsoft SQL Server\160\DTS\Binn\;C:\Program Files (x86)\Microsoft SQL Server\160\DTS\Binn\;C:\Program Files\HP\HP One Agent;C:\Python312\Scripts\;C:\Python312\;C:\Program Files (x86)\Common Files\Oracle\Java\javapath;C:\Program Files\Python310\Scripts\;C:\Program Files\Python310\;C:\WINDOWS\system32;C:\WINDOWS;C:\WINDOWS\System32\Wbem;C:\WINDOWS\System32\WindowsPowerShell\v1.0\;C:\WINDOWS\System32\OpenSSH\;C:\Program Files\Microsoft SQL Server\120\Tools\Binn\;C:\Program Files\dotnet\;C:\ProgramData\chocolatey\bin;C:\Program Files\apache-maven-4.0.0-alpha-3\bin;C:\Program Files\nodejs\;C:\Program Files\Azure Data Studio\bin;C:\Program Files\Git\cmd;C:\spark-3.5.0-bin-hadoop3\spark-3.5.0-bin-hadoop3\bin;C:\Users\SSWOR\AppData\Local\Programs\Python\Python311;C:\Users\SSWOR\SparkLink;C:\Prog;C:\spark-3.5.0-bin-hadoop3\spark-3.5.0-bin-hadoop3\bin;;C:\WINDOWS\System32;;."/>
    <property name="java.vm.info" value="mixed mode"/>
    <property name="stderr.encoding" value="Cp1252"/>
    <property name="java.vendor" value="Eclipse Adoptium"/>
    <property name="java.vm.version" value="22.0.1+8"/>
    <property name="sun.io.unicode.encoding" value="UnicodeLittle"/>
    <property name="java.class.version" value="66.0"/>
  </properties>
  <testcase name="verifyfileupload" classname="annotation.FileUploadTestCase" time="10.169">
    <failure message="no such window: target window already closed&#10;from unknown error: web view not found&#10;  (Session info: chrome=129.0.6668.90)&#10;Build info: version: &apos;3.8.0&apos;, revision: &apos;924c4067df&apos;, time: &apos;2017-11-30T11:20:39.408Z&apos;&#10;System info: host: &apos;LAPTOP-4JQ0QDCA&apos;, ip: &apos;192.168.83.94&apos;, os.name: &apos;Windows 11&apos;, os.arch: &apos;amd64&apos;, os.version: &apos;10.0&apos;, java.version: &apos;22.0.1&apos;&#10;Driver info: org.openqa.selenium.chrome.ChromeDriver&#10;Capabilities {acceptInsecureCerts: false, browserName: chrome, browserVersion: 129.0.6668.90, chrome: {chromedriverVersion: 128.0.6613.119 (6e439cfca4d..., userDataDir: C:\Users\SSWOR\AppData\Loca...}, fedcm:accounts: true, goog:chromeOptions: {debuggerAddress: localhost:53901}, javascriptEnabled: true, networkConnectionEnabled: false, pageLoadStrategy: normal, platform: WINDOWS, platformName: WINDOWS, proxy: Proxy(), setWindowRect: true, strictFileInteractability: false, timeouts: {implicit: 0, pageLoad: 300000, script: 30000}, unhandledPromptBehavior: dismiss and notify, webauthn:extension:credBlob: true, webauthn:extension:largeBlob: true, webauthn:extension:minPinLength: true, webauthn:extension:prf: true, webauthn:virtualAuthenticators: true}&#10;Session ID: fc12eed8a3a5e8d0cecd306eca7994e5&#10;*** Element info: {Using=id, value=uploadfile_0}" type="org.openqa.selenium.NoSuchWindowException"><![CDATA[org.openqa.selenium.NoSuchWindowException: 
no such window: target window already closed
from unknown error: web view not found
  (Session info: chrome=129.0.6668.90)
Build info: version: '3.8.0', revision: '924c4067df', time: '2017-11-30T11:20:39.408Z'
System info: host: 'LAPTOP-4JQ0QDCA', ip: '192.168.83.94', os.name: 'Windows 11', os.arch: 'amd64', os.version: '10.0', java.version: '22.0.1'
Driver info: org.openqa.selenium.chrome.ChromeDriver
Capabilities {acceptInsecureCerts: false, browserName: chrome, browserVersion: 129.0.6668.90, chrome: {chromedriverVersion: 128.0.6613.119 (6e439cfca4d..., userDataDir: C:\Users\SSWOR\AppData\Loca...}, fedcm:accounts: true, goog:chromeOptions: {debuggerAddress: localhost:53901}, javascriptEnabled: true, networkConnectionEnabled: false, pageLoadStrategy: normal, platform: WINDOWS, platformName: WINDOWS, proxy: Proxy(), setWindowRect: true, strictFileInteractability: false, timeouts: {implicit: 0, pageLoad: 300000, script: 30000}, unhandledPromptBehavior: dismiss and notify, webauthn:extension:credBlob: true, webauthn:extension:largeBlob: true, webauthn:extension:minPinLength: true, webauthn:extension:prf: true, webauthn:virtualAuthenticators: true}
Session ID: fc12eed8a3a5e8d0cecd306eca7994e5
*** Element info: {Using=id, value=uploadfile_0}
	at java.base/jdk.internal.reflect.DirectConstructorHandleAccessor.newInstance(DirectConstructorHandleAccessor.java:62)
	at java.base/java.lang.reflect.Constructor.newInstanceWithCaller(Constructor.java:502)
	at java.base/java.lang.reflect.Constructor.newInstance(Constructor.java:486)
	at org.openqa.selenium.remote.http.W3CHttpResponseCodec.createException(W3CHttpResponseCodec.java:187)
	at org.openqa.selenium.remote.http.W3CHttpResponseCodec.decode(W3CHttpResponseCodec.java:122)
	at org.openqa.selenium.remote.http.W3CHttpResponseCodec.decode(W3CHttpResponseCodec.java:49)
	at org.openqa.selenium.remote.HttpCommandExecutor.execute(HttpCommandExecutor.java:164)
	at org.openqa.selenium.remote.service.DriverCommandExecutor.execute(DriverCommandExecutor.java:83)
	at org.openqa.selenium.remote.RemoteWebDriver.execute(RemoteWebDriver.java:601)
	at org.openqa.selenium.remote.RemoteWebDriver.findElement(RemoteWebDriver.java:371)
	at org.openqa.selenium.remote.RemoteWebDriver.findElementById(RemoteWebDriver.java:417)
	at org.openqa.selenium.By$ById.findElement(By.java:218)
	at org.openqa.selenium.remote.RemoteWebDriver.findElement(RemoteWebDriver.java:363)
	at annotation.FileUploadTestCase.verifyfileupload(FileUploadTestCase.java:33)
	at java.base/jdk.internal.reflect.DirectMethodHandleAccessor.invoke(DirectMethodHandleAccessor.java:103)
	at java.base/java.lang.reflect.Method.invoke(Method.java:580)
	at org.testng.internal.MethodInvocationHelper.invokeMethod(MethodInvocationHelper.java:124)
	at org.testng.internal.Invoker.invokeMethod(Invoker.java:580)
	at org.testng.internal.Invoker.invokeTestMethod(Invoker.java:716)
	at org.testng.internal.Invoker.invokeTestMethods(Invoker.java:988)
	at org.testng.internal.TestMethodWorker.invokeTestMethods(TestMethodWorker.java:125)
	at org.testng.internal.TestMethodWorker.run(TestMethodWorker.java:109)
	at org.testng.TestRunner.privateRun(TestRunner.java:648)
	at org.testng.TestRunner.run(TestRunner.java:505)
	at org.testng.SuiteRunner.runTest(SuiteRunner.java:455)
	at org.testng.SuiteRunner.runSequentially(SuiteRunner.java:450)
	at org.testng.SuiteRunner.privateRun(SuiteRunner.java:415)
	at org.testng.SuiteRunner.run(SuiteRunner.java:364)
	at org.testng.SuiteRunnerWorker.runSuite(SuiteRunnerWorker.java:52)
	at org.testng.SuiteRunnerWorker.run(SuiteRunnerWorker.java:84)
	at org.testng.TestNG.runSuitesSequentially(TestNG.java:1208)
	at org.testng.TestNG.runSuitesLocally(TestNG.java:1137)
	at org.testng.TestNG.runSuites(TestNG.java:1049)
	at org.testng.TestNG.run(TestNG.java:1017)
	at org.apache.maven.surefire.testng.TestNGExecutor.run(TestNGExecutor.java:155)
	at org.apache.maven.surefire.testng.TestNGDirectoryTestSuite.executeMulti(TestNGDirectoryTestSuite.java:169)
	at org.apache.maven.surefire.testng.TestNGDirectoryTestSuite.execute(TestNGDirectoryTestSuite.java:88)
	at org.apache.maven.surefire.testng.TestNGProvider.invoke(TestNGProvider.java:137)
	at org.apache.maven.surefire.booter.ForkedBooter.runSuitesInProcess(ForkedBooter.java:385)
	at org.apache.maven.surefire.booter.ForkedBooter.execute(ForkedBooter.java:162)
	at org.apache.maven.surefire.booter.ForkedBooter.run(ForkedBooter.java:507)
	at org.apache.maven.surefire.booter.ForkedBooter.main(ForkedBooter.java:495)
]]></failure>
    <system-out><![CDATA[sample before suite  Annotation Method
sample before Test  Annotation Method
]]></system-out>
    <system-err><![CDATA[Starting ChromeDriver 128.0.6613.119 (6e439cfca4deda5954b0c74cde9b521c03cb31ad-refs/branch-heads/6613@{#1464}) on port 44336
Only local connections are allowed.
Please see https://chromedriver.chromium.org/security-considerations for suggestions on keeping ChromeDriver safe.
ChromeDriver was started successfully on port 44336.
log4j:WARN No appenders could be found for logger (org.apache.http.client.protocol.RequestAddCookies).
log4j:WARN Please initialize the log4j system properly.
log4j:WARN See http://logging.apache.org/log4j/1.2/faq.html#noconfig for more info.
[1728634131.727][WARNING]: This version of ChromeDriver has not been tested with Chrome version 129.
Oct 11, 2024 1:38:51 PM org.openqa.selenium.remote.ProtocolHandshake createSession
INFO: Detected dialect: W3C
]]></system-err>
  </testcase>
  <testcase name="verifyfileupload" classname="selenium.FileUploadTestCase" time="1.977">
    <failure message="no such window: target window already closed&#10;from unknown error: web view not found&#10;  (Session info: chrome=129.0.6668.90)&#10;Build info: version: &apos;3.8.0&apos;, revision: &apos;924c4067df&apos;, time: &apos;2017-11-30T11:20:39.408Z&apos;&#10;System info: host: &apos;LAPTOP-4JQ0QDCA&apos;, ip: &apos;192.168.83.94&apos;, os.name: &apos;Windows 11&apos;, os.arch: &apos;amd64&apos;, os.version: &apos;10.0&apos;, java.version: &apos;22.0.1&apos;&#10;Driver info: org.openqa.selenium.chrome.ChromeDriver&#10;Capabilities {acceptInsecureCerts: false, browserName: chrome, browserVersion: 129.0.6668.90, chrome: {chromedriverVersion: 128.0.6613.119 (6e439cfca4d..., userDataDir: C:\Users\SSWOR\AppData\Loca...}, fedcm:accounts: true, goog:chromeOptions: {debuggerAddress: localhost:53922}, javascriptEnabled: true, networkConnectionEnabled: false, pageLoadStrategy: normal, platform: WINDOWS, platformName: WINDOWS, proxy: Proxy(), setWindowRect: true, strictFileInteractability: false, timeouts: {implicit: 0, pageLoad: 300000, script: 30000}, unhandledPromptBehavior: dismiss and notify, webauthn:extension:credBlob: true, webauthn:extension:largeBlob: true, webauthn:extension:minPinLength: true, webauthn:extension:prf: true, webauthn:virtualAuthenticators: true}&#10;Session ID: 8a549e1303966a4a41b1a8b1ef9741e5&#10;*** Element info: {Using=id, value=uploadfile_0}" type="org.openqa.selenium.NoSuchWindowException"><![CDATA[org.openqa.selenium.NoSuchWindowException: 
no such window: target window already closed
from unknown error: web view not found
  (Session info: chrome=129.0.6668.90)
Build info: version: '3.8.0', revision: '924c4067df', time: '2017-11-30T11:20:39.408Z'
System info: host: 'LAPTOP-4JQ0QDCA', ip: '192.168.83.94', os.name: 'Windows 11', os.arch: 'amd64', os.version: '10.0', java.version: '22.0.1'
Driver info: org.openqa.selenium.chrome.ChromeDriver
Capabilities {acceptInsecureCerts: false, browserName: chrome, browserVersion: 129.0.6668.90, chrome: {chromedriverVersion: 128.0.6613.119 (6e439cfca4d..., userDataDir: C:\Users\SSWOR\AppData\Loca...}, fedcm:accounts: true, goog:chromeOptions: {debuggerAddress: localhost:53922}, javascriptEnabled: true, networkConnectionEnabled: false, pageLoadStrategy: normal, platform: WINDOWS, platformName: WINDOWS, proxy: Proxy(), setWindowRect: true, strictFileInteractability: false, timeouts: {implicit: 0, pageLoad: 300000, script: 30000}, unhandledPromptBehavior: dismiss and notify, webauthn:extension:credBlob: true, webauthn:extension:largeBlob: true, webauthn:extension:minPinLength: true, webauthn:extension:prf: true, webauthn:virtualAuthenticators: true}
Session ID: 8a549e1303966a4a41b1a8b1ef9741e5
*** Element info: {Using=id, value=uploadfile_0}
	at java.base/jdk.internal.reflect.DirectConstructorHandleAccessor.newInstance(DirectConstructorHandleAccessor.java:62)
	at java.base/java.lang.reflect.Constructor.newInstanceWithCaller(Constructor.java:502)
	at java.base/java.lang.reflect.Constructor.newInstance(Constructor.java:486)
	at org.openqa.selenium.remote.http.W3CHttpResponseCodec.createException(W3CHttpResponseCodec.java:187)
	at org.openqa.selenium.remote.http.W3CHttpResponseCodec.decode(W3CHttpResponseCodec.java:122)
	at org.openqa.selenium.remote.http.W3CHttpResponseCodec.decode(W3CHttpResponseCodec.java:49)
	at org.openqa.selenium.remote.HttpCommandExecutor.execute(HttpCommandExecutor.java:164)
	at org.openqa.selenium.remote.service.DriverCommandExecutor.execute(DriverCommandExecutor.java:83)
	at org.openqa.selenium.remote.RemoteWebDriver.execute(RemoteWebDriver.java:601)
	at org.openqa.selenium.remote.RemoteWebDriver.findElement(RemoteWebDriver.java:371)
	at org.openqa.selenium.remote.RemoteWebDriver.findElementById(RemoteWebDriver.java:417)
	at org.openqa.selenium.By$ById.findElement(By.java:218)
	at org.openqa.selenium.remote.RemoteWebDriver.findElement(RemoteWebDriver.java:363)
	at selenium.FileUploadTestCase.verifyfileupload(FileUploadTestCase.java:33)
	at java.base/jdk.internal.reflect.DirectMethodHandleAccessor.invoke(DirectMethodHandleAccessor.java:103)
	at java.base/java.lang.reflect.Method.invoke(Method.java:580)
	at org.testng.internal.MethodInvocationHelper.invokeMethod(MethodInvocationHelper.java:124)
	at org.testng.internal.Invoker.invokeMethod(Invoker.java:580)
	at org.testng.internal.Invoker.invokeTestMethod(Invoker.java:716)
	at org.testng.internal.Invoker.invokeTestMethods(Invoker.java:988)
	at org.testng.internal.TestMethodWorker.invokeTestMethods(TestMethodWorker.java:125)
	at org.testng.internal.TestMethodWorker.run(TestMethodWorker.java:109)
	at org.testng.TestRunner.privateRun(TestRunner.java:648)
	at org.testng.TestRunner.run(TestRunner.java:505)
	at org.testng.SuiteRunner.runTest(SuiteRunner.java:455)
	at org.testng.SuiteRunner.runSequentially(SuiteRunner.java:450)
	at org.testng.SuiteRunner.privateRun(SuiteRunner.java:415)
	at org.testng.SuiteRunner.run(SuiteRunner.java:364)
	at org.testng.SuiteRunnerWorker.runSuite(SuiteRunnerWorker.java:52)
	at org.testng.SuiteRunnerWorker.run(SuiteRunnerWorker.java:84)
	at org.testng.TestNG.runSuitesSequentially(TestNG.java:1208)
	at org.testng.TestNG.runSuitesLocally(TestNG.java:1137)
	at org.testng.TestNG.runSuites(TestNG.java:1049)
	at org.testng.TestNG.run(TestNG.java:1017)
	at org.apache.maven.surefire.testng.TestNGExecutor.run(TestNGExecutor.java:155)
	at org.apache.maven.surefire.testng.TestNGDirectoryTestSuite.executeMulti(TestNGDirectoryTestSuite.java:169)
	at org.apache.maven.surefire.testng.TestNGDirectoryTestSuite.execute(TestNGDirectoryTestSuite.java:88)
	at org.apache.maven.surefire.testng.TestNGProvider.invoke(TestNGProvider.java:137)
	at org.apache.maven.surefire.booter.ForkedBooter.runSuitesInProcess(ForkedBooter.java:385)
	at org.apache.maven.surefire.booter.ForkedBooter.execute(ForkedBooter.java:162)
	at org.apache.maven.surefire.booter.ForkedBooter.run(ForkedBooter.java:507)
	at org.apache.maven.surefire.booter.ForkedBooter.main(ForkedBooter.java:495)
]]></failure>
    <system-err><![CDATA[Starting ChromeDriver 128.0.6613.119 (6e439cfca4deda5954b0c74cde9b521c03cb31ad-refs/branch-heads/6613@{#1464}) on port 27608
Only local connections are allowed.
Please see https://chromedriver.chromium.org/security-considerations for suggestions on keeping ChromeDriver safe.
ChromeDriver was started successfully on port 27608.
[1728634141.403][WARNING]: This version of ChromeDriver has not been tested with Chrome version 129.
Oct 11, 2024 1:39:01 PM org.openqa.selenium.remote.ProtocolHandshake createSession
INFO: Detected dialect: W3C
]]></system-err>
  </testcase>
</testsuite>