<?xml version="1.0" encoding="UTF-8"?>
<!-- Generated by org.testng.reporters.JUnitReportReporter -->
<testsuite hostname="LAPTOP-4JQ0QDCA" failures="0" tests="1" name="selenium.FileUploadTestCase" time="33.466" errors="0" timestamp="12 Oct 2024 13:52:28 GMT" skipped="0">
  <testcase classname="selenium.FileUploadTestCase" name="verifyfileupload" time="33.466"/>
</testsuite> <!-- selenium.FileUploadTestCase -->
