<?xml version="1.0" encoding="UTF-8"?>
<!-- Generated by org.testng.reporters.JUnitReportReporter -->
<testsuite hostname="LAPTOP-4JQ0QDCA" failures="0" tests="1" name="annotation.AnnotationCCC" time="0.001" errors="0" timestamp="12 Oct 2024 13:52:28 GMT" skipped="0">
  <testcase classname="annotation.AnnotationCCC" name="firstTestCase" time="0.001"/>
</testsuite> <!-- annotation.AnnotationCCC -->
