<?xml version="1.0" encoding="UTF-8"?>
<!-- Generated by org.testng.reporters.JUnitReportReporter -->
<testsuite hostname="LAPTOP-4JQ0QDCA" failures="0" tests="3" name="annotation.AnnotationInTestNg" time="0.006" errors="0" timestamp="12 Oct 2024 13:52:28 GMT" skipped="0">
  <testcase classname="annotation.AnnotationInTestNg" name="VerifyUserCanSendEmail" time="0.003"/>
  <testcase classname="annotation.AnnotationInTestNg" name="VerifyUserCanReadEmail" time="0.001"/>
  <testcase classname="annotation.AnnotationInTestNg" name="verifyUserCanLoginWithValidusernameandPassward" time="0.002"/>
</testsuite> <!-- annotation.AnnotationInTestNg -->
