<?xml version="1.0" encoding="UTF-8"?>
<!-- Generated by org.testng.reporters.JUnitReportReporter -->
<testsuite hostname="LAPTOP-4JQ0QDCA" failures="0" tests="1" name="data_provider_annotation.DataProviderClass2" time="0.000" errors="0" timestamp="12 Oct 2024 13:52:28 GMT" skipped="1">
  <testcase classname="data_provider_annotation.DataProviderClass2" name="verifyUserCanLoginWithProvidedCredentials2" time="0.000">
    <skipped/>
  </testcase> <!-- verifyUserCanLoginWithProvidedCredentials2 -->
</testsuite> <!-- data_provider_annotation.DataProviderClass2 -->
