<?xml version="1.0" encoding="UTF-8"?>
<!-- Generated by org.testng.reporters.JUnitReportReporter -->
<testsuite hostname="LAPTOP-4JQ0QDCA" failures="0" tests="2" name="a.A" time="0.010" errors="0" timestamp="20 Sept 2024 02:25:41 GMT" skipped="0">
  <testcase classname="a.A" name="name5" time="0.008"/>
  <testcase classname="a.A" name="name" time="0.002"/>
</testsuite> <!-- a.A -->
