<?xml version="1.0" encoding="UTF-8"?>
<!-- Generated by org.testng.reporters.JUnitReportReporter -->
<testsuite hostname="LAPTOP-4JQ0QDCA" failures="0" tests="3" name="priority.PriorityClass2" time="0.016" errors="0" timestamp="11 Oct 2024 13:35:58 GMT" skipped="0">
  <testcase classname="priority.PriorityClass2" name="verifyNewUserCanBeadded" time="0.002"/>
  <testcase classname="priority.PriorityClass2" name="verifyExistingUserCanBeedited" time="0.013"/>
  <testcase classname="priority.PriorityClass2" name="verifyExistingUserCanBeDeleted" time="0.001"/>
</testsuite> <!-- priority.PriorityClass2 -->
