<?xml version="1.0" encoding="UTF-8"?>
<!-- Generated by org.testng.reporters.JUnitReportReporter -->
<testsuite hostname="LAPTOP-4JQ0QDCA" failures="0" tests="11" name="data_provider_annotation.DataProvideClass" time="0.010" errors="0" timestamp="12 Oct 2024 13:52:28 GMT" skipped="0">
  <testcase classname="data_provider_annotation.DataProvideClass" name="verifyUserCanLoginWithProvidedCredentials2" time="0.000"/>
  <testcase classname="data_provider_annotation.DataProvideClass" name="verifyuserCanaddDataOnUI" time="0.001"/>
  <testcase classname="data_provider_annotation.DataProvideClass" name="verifyUserCanLoginWithProvidedCredentials" time="0.002"/>
  <testcase classname="data_provider_annotation.DataProvideClass" name="verifyuserCanaddDataOnUI" time="0.001"/>
  <testcase classname="data_provider_annotation.DataProvideClass" name="verifyUserCanLoginWithProvidedCredentials" time="0.001"/>
  <testcase classname="data_provider_annotation.DataProvideClass" name="verifyUserCanLoginWithProvidedCredentials" time="0.001"/>
  <testcase classname="data_provider_annotation.DataProvideClass" name="verifyuserCanaddDataOnUI" time="0.000"/>
  <testcase classname="data_provider_annotation.DataProvideClass" name="verifyuserCanaddDataOnUI" time="0.000"/>
  <testcase classname="data_provider_annotation.DataProvideClass" name="verifyuserCanaddDataOnUI" time="0.001"/>
  <testcase classname="data_provider_annotation.DataProvideClass" name="verifyUserCanLoginWithProvidedCredentials2" time="0.001"/>
  <testcase classname="data_provider_annotation.DataProvideClass" name="verifyUserCanLoginWithProvidedCredentials2" time="0.002"/>
</testsuite> <!-- data_provider_annotation.DataProvideClass -->
