<?xml version="1.0" encoding="UTF-8"?>
<!-- Generated by org.testng.reporters.JUnitReportReporter -->
<testsuite hostname="LAPTOP-4JQ0QDCA" failures="0" tests="2" name="anno.AnnoClass" time="0.008" errors="0" timestamp="12 Oct 2024 13:52:28 GMT" skipped="0">
  <testcase classname="anno.AnnoClass" name="B" time="0.008"/>
  <testcase classname="anno.AnnoClass" name="A" time="0.000"/>
</testsuite> <!-- anno.AnnoClass -->
