<?xml version="1.0" encoding="UTF-8"?>
<!-- Generated by org.testng.reporters.JUnitReportReporter -->
<testsuite hostname="LAPTOP-4JQ0QDCA" failures="0" tests="2" name="enables.EnablesInTestNg" time="0.001" errors="0" timestamp="12 Oct 2024 13:52:28 GMT" skipped="1">
  <testcase classname="enables.EnablesInTestNg" name="A" time="0.001"/>
  <testcase classname="enables.EnablesInTestNg" name="B">
    <skipped/>
  </testcase> <!-- B -->
</testsuite> <!-- enables.EnablesInTestNg -->
