<?xml version="1.0" encoding="UTF-8"?>
<!-- Generated by org.testng.reporters.JUnitReportReporter -->
<testsuite hostname="LAPTOP-4JQ0QDCA" failures="0" tests="1" name="brockenlink.BrockenLinkClass" time="6.045" errors="0" timestamp="12 Oct 2024 13:52:28 GMT" skipped="0">
  <testcase classname="brockenlink.BrockenLinkClass" name="sampleTestCase" time="6.045"/>
</testsuite> <!-- brockenlink.BrockenLinkClass -->
