<?xml version="1.0" encoding="UTF-8"?>
<!-- Generated by org.testng.reporters.JUnitReportReporter -->
<testsuite hostname="LAPTOP-4JQ0QDCA" failures="0" tests="4" name="invocation.InvocationCountClass" time="0.003" errors="0" timestamp="12 Oct 2024 13:52:28 GMT" skipped="0">
  <testcase classname="invocation.InvocationCountClass" name="VerifyUserCanSendEmail" time="0.000"/>
  <testcase classname="invocation.InvocationCountClass" name="VerifyUserCanSendEmail" time="0.001"/>
  <testcase classname="invocation.InvocationCountClass" name="VerifyUserCanSendEmail" time="0.001"/>
  <testcase classname="invocation.InvocationCountClass" name="VerifyUserCanSendEmail" time="0.001"/>
</testsuite> <!-- invocation.InvocationCountClass -->
