<?xml version="1.0" encoding="UTF-8"?>
<!-- Generated by org.testng.reporters.JUnitReportReporter -->
<testsuite hostname="LAPTOP-4JQ0QDCA" failures="0" tests="1" name="screen.cpature.ScreenCaptureClass" time="3.550" errors="0" timestamp="12 Oct 2024 13:52:28 GMT" skipped="0">
  <testcase classname="screen.cpature.ScreenCaptureClass" name="sampleTestCase" time="3.550"/>
</testsuite> <!-- screen.cpature.ScreenCaptureClass -->
