<?xml version="1.0" encoding="UTF-8"?>
<!-- Generated by org.testng.reporters.JUnitReportReporter -->
<testsuite hostname="LAPTOP-4JQ0QDCA" failures="0" tests="3" name="priority.PriorityClass" time="0.013" errors="0" timestamp="11 Oct 2024 13:23:02 GMT" skipped="0">
  <testcase classname="priority.PriorityClass" name="verifyNewUserCanBeadded" time="0.011"/>
  <testcase classname="priority.PriorityClass" name="verifyExistingUserCanBeedited" time="0.001"/>
  <testcase classname="priority.PriorityClass" name="verifyExistingUserCanBeDeleted" time="0.001"/>
</testsuite> <!-- priority.PriorityClass -->
