<?xml version="1.0" encoding="UTF-8"?>
<!-- Generated by org.testng.reporters.JUnitReportReporter -->
<testsuite hostname="LAPTOP-4JQ0QDCA" failures="0" tests="1" name="brockenlink.FindStatusCodeOfLink" time="0.681" errors="0" timestamp="12 Oct 2024 13:52:28 GMT" skipped="0">
  <testcase classname="brockenlink.FindStatusCodeOfLink" name="sampleTestCase" time="0.681"/>
</testsuite> <!-- brockenlink.FindStatusCodeOfLink -->
