<?xml version="1.0" encoding="UTF-8"?>
<!-- Generated by org.testng.reporters.JUnitReportReporter -->
<testsuite hostname="LAPTOP-4JQ0QDCA" failures="0" tests="2" name="dependent.Depedent_test_case_class3" time="0.000" errors="0" timestamp="12 Oct 2024 13:52:28 GMT" skipped="1">
  <testcase classname="dependent.Depedent_test_case_class3" name="verifyUserCanLoginWithValidusernameandPassward" time="0.000"/>
  <testcase classname="dependent.Depedent_test_case_class3" name="VerifyUserCanReadEmail">
    <skipped/>
  </testcase> <!-- VerifyUserCanReadEmail -->
</testsuite> <!-- dependent.Depedent_test_case_class3 -->
